


ARM Macro Assembler    Page 1 


    1 00000000         ;/******************************************************
                       ************************
    2 00000000         ; * @file     startup_N575Series.s
    3 00000000         ; * @version  V1.00
    4 00000000         ; * $Revision: 2 $
    5 00000000         ; * $Date: 15/09/24 11:28a $ 
    6 00000000         ; * @brief    CMSIS ARM Cortex-M0 Core Device Startup Fi
                       le
    7 00000000         ; *
    8 00000000         ; * @note
    9 00000000         ; * Copyright (C) 2015 Nuvoton Technology Corp. All righ
                       ts reserved.
   10 00000000         ;*******************************************************
                       **********************/  
   11 00000000         
   12 00000000         ; <h> Stack Configuration
   13 00000000         ;   <o> Stack Size (in Bytes) <0x0-0xFFFFFFFF:8>
   14 00000000         ; </h>
   15 00000000         
   16 00000000 00000400 
                       Stack_Size
                               EQU              0x00000400
   17 00000000         
   18 00000000                 AREA             STACK, NOINIT, READWRITE, ALIGN
=3
   19 00000000         Stack_Mem
                               SPACE            Stack_Size
   20 00000400         __initial_sp
   21 00000400         
   22 00000400         
   23 00000400         ; <h> Heap Configuration
   24 00000400         ;   <o>  Heap Size (in Bytes) <0x0-0xFFFFFFFF:8>
   25 00000400         ; </h>
   26 00000400         
   27 00000400 00000200 
                       Heap_Size
                               EQU              0x00000200
   28 00000400         
   29 00000400                 AREA             HEAP, NOINIT, READWRITE, ALIGN=
3
   30 00000000         __heap_base
   31 00000000         Heap_Mem
                               SPACE            Heap_Size
   32 00000200         __heap_limit
   33 00000200         
   34 00000200         
   35 00000200         PRESERVE8
   36 00000200                 THUMB
   37 00000200         
   38 00000200         
   39 00000200         ; Vector Table Mapped to Address 0 at Reset
   40 00000200         
   41 00000200                 AREA             RESET, DATA, READONLY
   42 00000000                 EXPORT           __Vectors
   43 00000000         
   44 00000000 00000000 
                       __Vectors
                               DCD              __initial_sp ; Top of Stack
   45 00000004 00000000        DCD              Reset_Handler ; Reset Handler



ARM Macro Assembler    Page 2 


   46 00000008 00000000        DCD              NMI_Handler ; NMI Handler
   47 0000000C 00000000        DCD              HardFault_Handler ; Hard Fault 
                                                            Handler
   48 00000010 00000000        DCD              0           ; Reserved
   49 00000014 00000000        DCD              0           ; Reserved
   50 00000018 00000000        DCD              0           ; Reserved
   51 0000001C 00000000        DCD              0           ; Reserved
   52 00000020 00000000        DCD              0           ; Reserved
   53 00000024 00000000        DCD              0           ; Reserved
   54 00000028 00000000        DCD              0           ; Reserved
   55 0000002C 00000000        DCD              SVC_Handler ; SVCall Handler
   56 00000030 00000000        DCD              0           ; Reserved
   57 00000034 00000000        DCD              0           ; Reserved
   58 00000038 00000000        DCD              PendSV_Handler ; PendSV Handler
                                                            
   59 0000003C 00000000        DCD              SysTick_Handler 
                                                            ; SysTick Handler
   60 00000040         ; External Interrupts
   61 00000040 00000000        DCD              BOD_IRQHandler ; Brownout low v
                                                            oltage detected int
                                                            errupt  
   62 00000044 00000000        DCD              WDT_IRQHandler ; Watch Dog Time
                                                            r interrupt  
   63 00000048 00000000        DCD              EINT0_IRQHandler ; External sig
                                                            nal interrupt from 
                                                            PB.14 pin
   64 0000004C 00000000        DCD              EINT1_IRQHandler ; External sig
                                                            nal interrupt from 
                                                            PB.15 pin
   65 00000050 00000000        DCD              GPAB_IRQHandler ; External inte
                                                            rrupt from PA[15:0]
                                                            /PB[15:0]
   66 00000054 00000000        DCD              ALC_IRQHandler ; Automatic Leve
                                                            l Control Interrupt
                                                            
   67 00000058 00000000        DCD              PWM0_IRQHandler 
                                                            ; PWM0 interrupt 
   68 0000005C 00000000        DCD              Default_Handler ; Reserved
   69 00000060 00000000        DCD              TMR0_IRQHandler 
                                                            ; Timer 0 interrupt
                                                            
   70 00000064 00000000        DCD              TMR1_IRQHandler ; Timer 1 inter
                                                            rupt  
   71 00000068 00000000        DCD              Default_Handler ; Reserved
   72 0000006C 00000000        DCD              Default_Handler ; Reserved
   73 00000070 00000000        DCD              UART0_IRQHandler 
                                                            ; UART0 interrupt
   74 00000074 00000000        DCD              Default_Handler ; Reserved
   75 00000078 00000000        DCD              SPI0_IRQHandler 
                                                            ; SPI0 interrupt 
   76 0000007C 00000000        DCD              Default_Handler ; Reserved
   77 00000080 00000000        DCD              Default_Handler ; Reserved 
   78 00000084 00000000        DCD              Default_Handler ; Reserved 
   79 00000088 00000000        DCD              I2C0_IRQHandler 
                                                            ; I2C0 interrupt 
   80 0000008C 00000000        DCD              Default_Handler ; Reserved
   81 00000090 00000000        DCD              Default_Handler ; Reserved
   82 00000094 00000000        DCD              TALARM_IRQHandler ; Temperature
                                                             Alarm Interrupt



ARM Macro Assembler    Page 3 


   83 00000098 00000000        DCD              Default_Handler ; Reserved
   84 0000009C 00000000        DCD              Default_Handler ; Reserved
   85 000000A0 00000000        DCD              Default_Handler ; Reserved
   86 000000A4 00000000        DCD              ACMP_IRQHandler 
                                                            ; ACMP interrupt 
   87 000000A8 00000000        DCD              PDMA_IRQHandler 
                                                            ; PDMA interrupt
   88 000000AC 00000000        DCD              I2S_IRQHandler ; I2S interrupt
   89 000000B0 00000000        DCD              CAPS_IRQHandler ; Capacitive To
                                                            uch Sensing Relaxat
                                                            ion Oscillator Inte
                                                            rrupt
   90 000000B4 00000000        DCD              ADC_IRQHandler ; Audio ADC inte
                                                            rrupt
   91 000000B8 00000000        DCD              Default_Handler ; Reserved
   92 000000BC 00000000        DCD              RTC_IRQHandler ; Real time cloc
                                                            k interrupt
   93 000000C0                 AREA             |.text|, CODE, READONLY
   94 00000000         
   95 00000000         
   96 00000000         
   97 00000000         ; Reset Handler
   98 00000000         
   99 00000000         Reset_Handler
                               PROC
  100 00000000                 EXPORT           Reset_Handler             [WEAK
]
  101 00000000                 IMPORT           __main
  102 00000000         ; Unlock Register
  103 00000000 4809            LDR              R0, =0x50000100
  104 00000002 490A            LDR              R1, =0x59
  105 00000004 6001            STR              R1, [R0]
  106 00000006 490A            LDR              R1, =0x16
  107 00000008 6001            STR              R1, [R0]
  108 0000000A 490A            LDR              R1, =0x88
  109 0000000C 6001            STR              R1, [R0]
  110 0000000E         
  111 0000000E         ; Init POR
  112 0000000E 4A0A            LDR              R2, =0x50000024
  113 00000010 490A            LDR              R1, =0x00005AA5
  114 00000012 6011            STR              R1, [R2]
  115 00000014         
  116 00000014         ; Lock register
  117 00000014 2100            MOVS             R1, #0
  118 00000016 6001            STR              R1, [R0]
  119 00000018         
  120 00000018 4809            LDR              R0, =__main
  121 0000001A 4700            BX               R0
  122 0000001C                 ENDP
  123 0000001C         
  124 0000001C         
  125 0000001C         ; Dummy Exception Handlers (infinite loops which can be 
                       modified)                
  126 0000001C         
  127 0000001C         NMI_Handler
                               PROC
  128 0000001C                 EXPORT           NMI_Handler               [WEAK
]
  129 0000001C E7FE            B                .



ARM Macro Assembler    Page 4 


  130 0000001E                 ENDP
  132 0000001E         HardFault_Handler
                               PROC
  133 0000001E                 EXPORT           HardFault_Handler         [WEAK
]
  134 0000001E                 IF               :DEF:DEBUG_ENABLE_SEMIHOST
  154                          ENDIF
  155 0000001E         
  156 0000001E E7FE            B                .
  157 00000020                 ENDP
  158 00000020         SVC_Handler
                               PROC
  159 00000020                 EXPORT           SVC_Handler               [WEAK
]
  160 00000020 E7FE            B                .
  161 00000022                 ENDP
  162 00000022         PendSV_Handler
                               PROC
  163 00000022                 EXPORT           PendSV_Handler            [WEAK
]
  164 00000022 E7FE            B                .
  165 00000024                 ENDP
  166 00000024         SysTick_Handler
                               PROC
  167 00000024                 EXPORT           SysTick_Handler           [WEAK
]
  168 00000024 E7FE            B                .
  169 00000026                 ENDP
  170 00000026         Default_Handler
                               PROC
  171 00000026         
  172 00000026                 EXPORT           BOD_IRQHandler            [WEAK
]
  173 00000026                 EXPORT           WDT_IRQHandler            [WEAK
]
  174 00000026                 EXPORT           EINT0_IRQHandler          [WEAK
]
  175 00000026                 EXPORT           EINT1_IRQHandler          [WEAK
]
  176 00000026                 EXPORT           GPAB_IRQHandler           [WEAK
]
  177 00000026                 EXPORT           ALC_IRQHandler            [WEAK
]
  178 00000026                 EXPORT           PWM0_IRQHandler           [WEAK
]
  179 00000026                 EXPORT           TMR0_IRQHandler           [WEAK
]
  180 00000026                 EXPORT           TMR1_IRQHandler           [WEAK
]
  181 00000026                 EXPORT           UART0_IRQHandler          [WEAK
]
  182 00000026                 EXPORT           SPI0_IRQHandler           [WEAK
]
  183 00000026                 EXPORT           I2C0_IRQHandler           [WEAK
]
  184 00000026                 EXPORT           TALARM_IRQHandler         [WEAK
]
  185 00000026                 EXPORT           ACMP_IRQHandler           [WEAK
]



ARM Macro Assembler    Page 5 


  186 00000026                 EXPORT           PDMA_IRQHandler           [WEAK
]
  187 00000026                 EXPORT           I2S_IRQHandler            [WEAK
]
  188 00000026                 EXPORT           CAPS_IRQHandler           [WEAK
]
  189 00000026                 EXPORT           ADC_IRQHandler            [WEAK
]
  190 00000026                 EXPORT           RTC_IRQHandler            [WEAK
]
  191 00000026         
  192 00000026         BOD_IRQHandler
  193 00000026         WDT_IRQHandler
  194 00000026         EINT0_IRQHandler
  195 00000026         EINT1_IRQHandler
  196 00000026         GPAB_IRQHandler
  197 00000026         ALC_IRQHandler
  198 00000026         PWM0_IRQHandler
  199 00000026         TMR0_IRQHandler
  200 00000026         TMR1_IRQHandler
  201 00000026         UART0_IRQHandler
  202 00000026         SPI0_IRQHandler
  203 00000026         I2C0_IRQHandler
  204 00000026         TALARM_IRQHandler
  205 00000026         ACMP_IRQHandler
  206 00000026         PDMA_IRQHandler
  207 00000026         I2S_IRQHandler
  208 00000026         CAPS_IRQHandler
  209 00000026         ADC_IRQHandler
  210 00000026         RTC_IRQHandler
  211 00000026         
  212 00000026 E7FE            B                .
  213 00000028         
  214 00000028                 ENDP
  215 00000028         
  216 00000028         
  217 00000028                 ALIGN
  218 00000028         
  219 00000028         
  220 00000028         ; User Initial Stack & Heap
  221 00000028         
  222 00000028                 IF               :DEF:__MICROLIB
  223 00000028         
  224 00000028                 EXPORT           __initial_sp
  225 00000028                 EXPORT           __heap_base
  226 00000028                 EXPORT           __heap_limit
  227 00000028         
  228 00000028                 ELSE
  242                          ENDIF
  243 00000028         
  244 00000028                 END
              50000100 
              00000059 
              00000016 
              00000088 
              50000024 
              00005AA5 
              00000000 
Command Line: --16 --debug --xref --cpu=Cortex-M0 --apcs=interwork --depend=.\o



ARM Macro Assembler    Page 6 


bj\startup_n575_keil.d -o.\obj\startup_n575_keil.o -IC:\Keil_v5\ARM\RV31\INC -I
C:\Keil_v5\ARM\CMSIS\Include --predefine="__MICROLIB SETA 1" --list=.\lst\start
up_n575_keil.lst startup_N575_Keil.s



ARM Macro Assembler    Page 1 Alphabetic symbol ordering
Relocatable symbols

STACK 00000000

Symbol: STACK
   Definitions
      At line 18 in file startup_N575_Keil.s
   Uses
      None
Comment: STACK unused
Stack_Mem 00000000

Symbol: Stack_Mem
   Definitions
      At line 19 in file startup_N575_Keil.s
   Uses
      None
Comment: Stack_Mem unused
__initial_sp 00000400

Symbol: __initial_sp
   Definitions
      At line 20 in file startup_N575_Keil.s
   Uses
      At line 44 in file startup_N575_Keil.s
      At line 224 in file startup_N575_Keil.s

3 symbols



ARM Macro Assembler    Page 1 Alphabetic symbol ordering
Relocatable symbols

HEAP 00000000

Symbol: HEAP
   Definitions
      At line 29 in file startup_N575_Keil.s
   Uses
      None
Comment: HEAP unused
Heap_Mem 00000000

Symbol: Heap_Mem
   Definitions
      At line 31 in file startup_N575_Keil.s
   Uses
      None
Comment: Heap_Mem unused
PRESERVE8 00000200

Symbol: PRESERVE8
   Definitions
      At line 35 in file startup_N575_Keil.s
   Uses
      None
Comment: PRESERVE8 unused
__heap_base 00000000

Symbol: __heap_base
   Definitions
      At line 30 in file startup_N575_Keil.s
   Uses
      At line 225 in file startup_N575_Keil.s
Comment: __heap_base used once
__heap_limit 00000200

Symbol: __heap_limit
   Definitions
      At line 32 in file startup_N575_Keil.s
   Uses
      At line 226 in file startup_N575_Keil.s
Comment: __heap_limit used once
5 symbols



ARM Macro Assembler    Page 1 Alphabetic symbol ordering
Relocatable symbols

RESET 00000000

Symbol: RESET
   Definitions
      At line 41 in file startup_N575_Keil.s
   Uses
      None
Comment: RESET unused
__Vectors 00000000

Symbol: __Vectors
   Definitions
      At line 44 in file startup_N575_Keil.s
   Uses
      At line 42 in file startup_N575_Keil.s
Comment: __Vectors used once
2 symbols



ARM Macro Assembler    Page 1 Alphabetic symbol ordering
Relocatable symbols

.text 00000000

Symbol: .text
   Definitions
      At line 93 in file startup_N575_Keil.s
   Uses
      None
Comment: .text unused
ACMP_IRQHandler 00000026

Symbol: ACMP_IRQHandler
   Definitions
      At line 205 in file startup_N575_Keil.s
   Uses
      At line 86 in file startup_N575_Keil.s
      At line 185 in file startup_N575_Keil.s

ADC_IRQHandler 00000026

Symbol: ADC_IRQHandler
   Definitions
      At line 209 in file startup_N575_Keil.s
   Uses
      At line 90 in file startup_N575_Keil.s
      At line 189 in file startup_N575_Keil.s

ALC_IRQHandler 00000026

Symbol: ALC_IRQHandler
   Definitions
      At line 197 in file startup_N575_Keil.s
   Uses
      At line 66 in file startup_N575_Keil.s
      At line 177 in file startup_N575_Keil.s

BOD_IRQHandler 00000026

Symbol: BOD_IRQHandler
   Definitions
      At line 192 in file startup_N575_Keil.s
   Uses
      At line 61 in file startup_N575_Keil.s
      At line 172 in file startup_N575_Keil.s

CAPS_IRQHandler 00000026

Symbol: CAPS_IRQHandler
   Definitions
      At line 208 in file startup_N575_Keil.s
   Uses
      At line 89 in file startup_N575_Keil.s
      At line 188 in file startup_N575_Keil.s

Default_Handler 00000026

Symbol: Default_Handler
   Definitions
      At line 170 in file startup_N575_Keil.s
   Uses



ARM Macro Assembler    Page 2 Alphabetic symbol ordering
Relocatable symbols

      At line 68 in file startup_N575_Keil.s
      At line 71 in file startup_N575_Keil.s
      At line 72 in file startup_N575_Keil.s
      At line 74 in file startup_N575_Keil.s
      At line 76 in file startup_N575_Keil.s
      At line 77 in file startup_N575_Keil.s
      At line 78 in file startup_N575_Keil.s
      At line 80 in file startup_N575_Keil.s
      At line 81 in file startup_N575_Keil.s
      At line 83 in file startup_N575_Keil.s
      At line 84 in file startup_N575_Keil.s
      At line 85 in file startup_N575_Keil.s
      At line 91 in file startup_N575_Keil.s

EINT0_IRQHandler 00000026

Symbol: EINT0_IRQHandler
   Definitions
      At line 194 in file startup_N575_Keil.s
   Uses
      At line 63 in file startup_N575_Keil.s
      At line 174 in file startup_N575_Keil.s

EINT1_IRQHandler 00000026

Symbol: EINT1_IRQHandler
   Definitions
      At line 195 in file startup_N575_Keil.s
   Uses
      At line 64 in file startup_N575_Keil.s
      At line 175 in file startup_N575_Keil.s

GPAB_IRQHandler 00000026

Symbol: GPAB_IRQHandler
   Definitions
      At line 196 in file startup_N575_Keil.s
   Uses
      At line 65 in file startup_N575_Keil.s
      At line 176 in file startup_N575_Keil.s

HardFault_Handler 0000001E

Symbol: HardFault_Handler
   Definitions
      At line 132 in file startup_N575_Keil.s
   Uses
      At line 47 in file startup_N575_Keil.s
      At line 133 in file startup_N575_Keil.s

I2C0_IRQHandler 00000026

Symbol: I2C0_IRQHandler
   Definitions
      At line 203 in file startup_N575_Keil.s
   Uses
      At line 79 in file startup_N575_Keil.s
      At line 183 in file startup_N575_Keil.s




ARM Macro Assembler    Page 3 Alphabetic symbol ordering
Relocatable symbols

I2S_IRQHandler 00000026

Symbol: I2S_IRQHandler
   Definitions
      At line 207 in file startup_N575_Keil.s
   Uses
      At line 88 in file startup_N575_Keil.s
      At line 187 in file startup_N575_Keil.s

NMI_Handler 0000001C

Symbol: NMI_Handler
   Definitions
      At line 127 in file startup_N575_Keil.s
   Uses
      At line 46 in file startup_N575_Keil.s
      At line 128 in file startup_N575_Keil.s

PDMA_IRQHandler 00000026

Symbol: PDMA_IRQHandler
   Definitions
      At line 206 in file startup_N575_Keil.s
   Uses
      At line 87 in file startup_N575_Keil.s
      At line 186 in file startup_N575_Keil.s

PWM0_IRQHandler 00000026

Symbol: PWM0_IRQHandler
   Definitions
      At line 198 in file startup_N575_Keil.s
   Uses
      At line 67 in file startup_N575_Keil.s
      At line 178 in file startup_N575_Keil.s

PendSV_Handler 00000022

Symbol: PendSV_Handler
   Definitions
      At line 162 in file startup_N575_Keil.s
   Uses
      At line 58 in file startup_N575_Keil.s
      At line 163 in file startup_N575_Keil.s

RTC_IRQHandler 00000026

Symbol: RTC_IRQHandler
   Definitions
      At line 210 in file startup_N575_Keil.s
   Uses
      At line 92 in file startup_N575_Keil.s
      At line 190 in file startup_N575_Keil.s

Reset_Handler 00000000

Symbol: Reset_Handler
   Definitions
      At line 99 in file startup_N575_Keil.s



ARM Macro Assembler    Page 4 Alphabetic symbol ordering
Relocatable symbols

   Uses
      At line 45 in file startup_N575_Keil.s
      At line 100 in file startup_N575_Keil.s

SPI0_IRQHandler 00000026

Symbol: SPI0_IRQHandler
   Definitions
      At line 202 in file startup_N575_Keil.s
   Uses
      At line 75 in file startup_N575_Keil.s
      At line 182 in file startup_N575_Keil.s

SVC_Handler 00000020

Symbol: SVC_Handler
   Definitions
      At line 158 in file startup_N575_Keil.s
   Uses
      At line 55 in file startup_N575_Keil.s
      At line 159 in file startup_N575_Keil.s

SysTick_Handler 00000024

Symbol: SysTick_Handler
   Definitions
      At line 166 in file startup_N575_Keil.s
   Uses
      At line 59 in file startup_N575_Keil.s
      At line 167 in file startup_N575_Keil.s

TALARM_IRQHandler 00000026

Symbol: TALARM_IRQHandler
   Definitions
      At line 204 in file startup_N575_Keil.s
   Uses
      At line 82 in file startup_N575_Keil.s
      At line 184 in file startup_N575_Keil.s

TMR0_IRQHandler 00000026

Symbol: TMR0_IRQHandler
   Definitions
      At line 199 in file startup_N575_Keil.s
   Uses
      At line 69 in file startup_N575_Keil.s
      At line 179 in file startup_N575_Keil.s

TMR1_IRQHandler 00000026

Symbol: TMR1_IRQHandler
   Definitions
      At line 200 in file startup_N575_Keil.s
   Uses
      At line 70 in file startup_N575_Keil.s
      At line 180 in file startup_N575_Keil.s

UART0_IRQHandler 00000026



ARM Macro Assembler    Page 5 Alphabetic symbol ordering
Relocatable symbols


Symbol: UART0_IRQHandler
   Definitions
      At line 201 in file startup_N575_Keil.s
   Uses
      At line 73 in file startup_N575_Keil.s
      At line 181 in file startup_N575_Keil.s

WDT_IRQHandler 00000026

Symbol: WDT_IRQHandler
   Definitions
      At line 193 in file startup_N575_Keil.s
   Uses
      At line 62 in file startup_N575_Keil.s
      At line 173 in file startup_N575_Keil.s

27 symbols



ARM Macro Assembler    Page 1 Alphabetic symbol ordering
Absolute symbols

Heap_Size 00000200

Symbol: Heap_Size
   Definitions
      At line 27 in file startup_N575_Keil.s
   Uses
      At line 31 in file startup_N575_Keil.s
Comment: Heap_Size used once
Stack_Size 00000400

Symbol: Stack_Size
   Definitions
      At line 16 in file startup_N575_Keil.s
   Uses
      At line 19 in file startup_N575_Keil.s
Comment: Stack_Size used once
2 symbols



ARM Macro Assembler    Page 1 Alphabetic symbol ordering
External symbols

__main 00000000

Symbol: __main
   Definitions
      At line 101 in file startup_N575_Keil.s
   Uses
      At line 120 in file startup_N575_Keil.s
Comment: __main used once
1 symbol
375 symbols in table
